접속 아이피 : 210.217.188.221크롤링을 시작합니다.<br>
대상 쇼핑몰에 접속중입니다.<br>
로그인 완료<br>
유온진 베이직 스퀘어 미니 백 크롤링 시작<br>
bag262k2c_01.jpg download complete!<br>
bag262k2c_03.jpg download complete!<br>
bag262k2c_04.jpg download complete!<br>
bag262k2c_05.jpg download complete!<br>
bag262k2c_06.jpg download complete!<br>
bag262k2c_07.jpg download complete!<br>
bag262k2c_13.jpg download complete!<br>
bag262k2c_14.jpg download complete!<br>
e2bebf3c9214a5645650205e30bbc386.jpg download complete!<br>
2449584e7a1de5ba13af33b395421ee2.jpg download complete!<br>
cc627ae29e11ebeb5ee964cb125bb960.jpg download complete!<br>
09bfbaa6f8c8d3465f23f9da29f77ac6.jpg download complete!<br>
b8abb8a6e1bb539bfd6860b03b9f97e2.jpg download complete!<br>
상품가격 : 24,727 won<br>
color : 화이트(White)  <br>
color : 브라운(Brown)  <br>
color : 블랙(Black)  <br>
긴스품 패딩 누빔 숄더 백 크롤링 시작<br>
bag261k2c_01.jpg download complete!<br>
bag261k2c_03.jpg download complete!<br>
bag261k2c_04.jpg download complete!<br>
bag261k2c_05.jpg download complete!<br>
bag261k2c_06.jpg download complete!<br>
bag261k2c_07.jpg download complete!<br>
bag261k2c_13.jpg download complete!<br>
bag261k2c_14.jpg download complete!<br>
bf06effa440dec5fc44babebe98a6e88.jpg download complete!<br>
884775b234a195e3969ed76096d31810.jpg download complete!<br>
75c522f4d6005cd144ee19b85d853cbe.jpg download complete!<br>
eed5e9f57030d0c34e7a28f5b063f835.jpg download complete!<br>
f3714c29d207b8f6030894282e12e82b.jpg download complete!<br>
상품가격 : 19,900 won<br>
color : 아이보리(Ivory)  <br>
color : 브라운(Brown)  <br>
color : 블랙(Black)  <br>
뎅눈펑 무지 레더 포켓 백팩 크롤링 시작<br>
bag260k2c_01.jpg download complete!<br>
bag260k2c_03.jpg download complete!<br>
bag260k2c_04.jpg download complete!<br>
bag260k2c_05.jpg download complete!<br>
bag260k2c_06.jpg download complete!<br>
bag260k2c_07.jpg download complete!<br>
bag260k2c_13.jpg download complete!<br>
bag260k2c_14.jpg download complete!<br>
52505ca55e686ff6020f6eebee3a5987.jpg download complete!<br>
c9249ec48ca9d4003b7bf0e3e7097ab0.jpg download complete!<br>
ec7079c82f0a82f2e4fab2938d463914.jpg download complete!<br>
91904be0acf5f4cc7d6cb189ff10356c.jpg download complete!<br>
35af5c0277a2a5067d6d4c80ca275858.jpg download complete!<br>
상품가격 : 31,000 won<br>
color : 블랙(Black)  <br>
