접속 아이피 : 210.217.188.221크롤링을 시작합니다.<br>
대상 쇼핑몰에 접속중입니다.<br>
로그인 완료<br>
유온진 베이직 스퀘어 미니 백 크롤링 시작<br>
bag262k2c_01.jpg download complete!<br>
bag262k2c_03.jpg download complete!<br>
bag262k2c_04.jpg download complete!<br>
bag262k2c_05.jpg download complete!<br>
bag262k2c_06.jpg download complete!<br>
bag262k2c_07.jpg download complete!<br>
bag262k2c_13.jpg download complete!<br>
bag262k2c_14.jpg download complete!<br>
e2bebf3c9214a5645650205e30bbc386.jpg download complete!<br>
2449584e7a1de5ba13af33b395421ee2.jpg download complete!<br>
cc627ae29e11ebeb5ee964cb125bb960.jpg download complete!<br>
09bfbaa6f8c8d3465f23f9da29f77ac6.jpg download complete!<br>
b8abb8a6e1bb539bfd6860b03b9f97e2.jpg download complete!<br>
상품가격 : 24,727 won<br>
color : 화이트(White)  <br>
color : 브라운(Brown)  <br>
color : 블랙(Black)  <br>
